<?xml version="1.0" encoding="UTF-8"?>
<!-- Generated by org.testng.reporters.JUnitReportReporter -->
<testsuite hostname="DESKTOP-HRD5MFN" failures="0" tests="1" name="pradeepfadatareacademy.Tests.MyStoreTests.AddToCartPageTest" time="0.000" errors="0" timestamp="2022-11-04T22:20:52 IST" skipped="1">
  <testcase classname="pradeepfadatareacademy.Tests.MyStoreTests.AddToCartPageTest" name="addToCart" time="0.000">
    <skipped/>
  </testcase> <!-- addToCart -->
  <system-out/>
</testsuite> <!-- pradeepfadatareacademy.Tests.MyStoreTests.AddToCartPageTest -->
