<?xml version="1.0" encoding="UTF-8"?>
<!-- Generated by org.testng.reporters.JUnitReportReporter -->
<testsuite hostname="DESKTOP-HRD5MFN" failures="0" tests="1" name="pradeepfadatareacademy.Tests.MyStoreTests.AccountCreationPageTest" time="53.550" errors="0" timestamp="2022-11-05T15:13:52 IST" skipped="0">
  <testcase classname="pradeepfadatareacademy.Tests.MyStoreTests.AccountCreationPageTest" name="createAccount" time="53.550"/>
  <system-out/>
</testsuite> <!-- pradeepfadatareacademy.Tests.MyStoreTests.AccountCreationPageTest -->
